2020-11-15 19:34:48 ERROR: zcrmsdk\crm\exception\ZCRMException Caused by:'invalid oauth scope to access this URL' in /var/www/html/wp-content/plugins/adept-drivers/vendor/zohocrm/php-sdk/src/crm/api/response/BulkAPIResponse.php(72)
Trace::#0 /var/www/html/wp-content/plugins/adept-drivers/vendor/zohocrm/php-sdk/src/crm/api/response/CommonAPIResponse.php(76): zcrmsdk\crm\api\response\BulkAPIResponse->handleForFaultyResponses()
#1 /var/www/html/wp-content/plugins/adept-drivers/vendor/zohocrm/php-sdk/src/crm/api/response/CommonAPIResponse.php(67): zcrmsdk\crm\api\response\CommonAPIResponse->processResponse()
#2 /var/www/html/wp-content/plugins/adept-drivers/vendor/zohocrm/php-sdk/src/crm/api/response/BulkAPIResponse.php(47): zcrmsdk\crm\api\response\CommonAPIResponse->__construct()
#3 /var/www/html/wp-content/plugins/adept-drivers/vendor/zohocrm/php-sdk/src/crm/api/APIRequest.php(148): zcrmsdk\crm\api\response\BulkAPIResponse->__construct()
#4 /var/www/html/wp-content/plugins/adept-drivers/vendor/zohocrm/php-sdk/src/crm/api/handler/MetaDataAPIHandler.php(34): zcrmsdk\crm\api\APIRequest->getBulkAPIResponse()
#5 /var/www/html/wp-content/plugins/adept-drivers/vendor/zohocrm/php-sdk/src/crm/setup/restclient/ZCRMRestClient.php(51): zcrmsdk\crm\api\handler\MetaDataAPIHandler->getAllModules()
#6 /var/www/html/wp-content/plugins/adept-drivers/includes/class-adept-drivers-zcrm.php(308): zcrmsdk\crm\setup\restclient\ZCRMRestClient->getAllModules()
#7 /var/www/html/wp-content/plugins/adept-drivers/includes/class-adept-drivers-zcrm.php(323): Adept_Drivers_ZCRM->get_zcrm_modules()
#8 /var/www/html/wp-includes/class-wp-hook.php(288): Adept_Drivers_ZCRM->ad_zcrm_get_modules()
#9 /var/www/html/wp-includes/class-wp-hook.php(312): WP_Hook->apply_filters()
#10 /var/www/html/wp-includes/plugin.php(478): WP_Hook->do_action()
#11 /var/www/html/wp-admin/admin-ajax.php(175): do_action()
#12 {main}
2020-11-15 19:39:44 ERROR: zcrmsdk\crm\exception\ZCRMException Caused by:'unable to process your request. please verify whether you have entered proper method name, parameter and parameter values.' in /var/www/html/wp-content/plugins/adept-drivers/vendor/zohocrm/php-sdk/src/crm/api/response/BulkAPIResponse.php(72)
Trace::#0 /var/www/html/wp-content/plugins/adept-drivers/vendor/zohocrm/php-sdk/src/crm/api/response/CommonAPIResponse.php(76): zcrmsdk\crm\api\response\BulkAPIResponse->handleForFaultyResponses()
#1 /var/www/html/wp-content/plugins/adept-drivers/vendor/zohocrm/php-sdk/src/crm/api/response/CommonAPIResponse.php(67): zcrmsdk\crm\api\response\CommonAPIResponse->processResponse()
#2 /var/www/html/wp-content/plugins/adept-drivers/vendor/zohocrm/php-sdk/src/crm/api/response/BulkAPIResponse.php(47): zcrmsdk\crm\api\response\CommonAPIResponse->__construct()
#3 /var/www/html/wp-content/plugins/adept-drivers/vendor/zohocrm/php-sdk/src/crm/api/APIRequest.php(148): zcrmsdk\crm\api\response\BulkAPIResponse->__construct()
#4 /var/www/html/wp-content/plugins/adept-drivers/vendor/zohocrm/php-sdk/src/crm/api/handler/MetaDataAPIHandler.php(34): zcrmsdk\crm\api\APIRequest->getBulkAPIResponse()
#5 /var/www/html/wp-content/plugins/adept-drivers/vendor/zohocrm/php-sdk/src/crm/setup/restclient/ZCRMRestClient.php(51): zcrmsdk\crm\api\handler\MetaDataAPIHandler->getAllModules()
#6 /var/www/html/wp-content/plugins/adept-drivers/includes/class-adept-drivers-zcrm.php(308): zcrmsdk\crm\setup\restclient\ZCRMRestClient->getAllModules()
#7 /var/www/html/wp-content/plugins/adept-drivers/includes/class-adept-drivers-zcrm.php(323): Adept_Drivers_ZCRM->get_zcrm_modules()
#8 /var/www/html/wp-includes/class-wp-hook.php(288): Adept_Drivers_ZCRM->ad_zcrm_get_modules()
#9 /var/www/html/wp-includes/class-wp-hook.php(312): WP_Hook->apply_filters()
#10 /var/www/html/wp-includes/plugin.php(478): WP_Hook->do_action()
#11 /var/www/html/wp-admin/admin-ajax.php(175): do_action()
#12 {main}
2020-11-15 19:43:04 ERROR: zcrmsdk\crm\exception\ZCRMException Caused by:'unable to process your request. please verify whether you have entered proper method name, parameter and parameter values.' in /var/www/html/wp-content/plugins/adept-drivers/vendor/zohocrm/php-sdk/src/crm/api/response/BulkAPIResponse.php(72)
Trace::#0 /var/www/html/wp-content/plugins/adept-drivers/vendor/zohocrm/php-sdk/src/crm/api/response/CommonAPIResponse.php(76): zcrmsdk\crm\api\response\BulkAPIResponse->handleForFaultyResponses()
#1 /var/www/html/wp-content/plugins/adept-drivers/vendor/zohocrm/php-sdk/src/crm/api/response/CommonAPIResponse.php(67): zcrmsdk\crm\api\response\CommonAPIResponse->processResponse()
#2 /var/www/html/wp-content/plugins/adept-drivers/vendor/zohocrm/php-sdk/src/crm/api/response/BulkAPIResponse.php(47): zcrmsdk\crm\api\response\CommonAPIResponse->__construct()
#3 /var/www/html/wp-content/plugins/adept-drivers/vendor/zohocrm/php-sdk/src/crm/api/APIRequest.php(148): zcrmsdk\crm\api\response\BulkAPIResponse->__construct()
#4 /var/www/html/wp-content/plugins/adept-drivers/vendor/zohocrm/php-sdk/src/crm/api/handler/MetaDataAPIHandler.php(34): zcrmsdk\crm\api\APIRequest->getBulkAPIResponse()
#5 /var/www/html/wp-content/plugins/adept-drivers/vendor/zohocrm/php-sdk/src/crm/setup/restclient/ZCRMRestClient.php(51): zcrmsdk\crm\api\handler\MetaDataAPIHandler->getAllModules()
#6 /var/www/html/wp-content/plugins/adept-drivers/includes/class-adept-drivers-zcrm.php(309): zcrmsdk\crm\setup\restclient\ZCRMRestClient->getAllModules()
#7 /var/www/html/wp-content/plugins/adept-drivers/includes/class-adept-drivers-zcrm.php(324): Adept_Drivers_ZCRM->get_zcrm_modules()
#8 /var/www/html/wp-includes/class-wp-hook.php(288): Adept_Drivers_ZCRM->ad_zcrm_get_modules()
#9 /var/www/html/wp-includes/class-wp-hook.php(312): WP_Hook->apply_filters()
#10 /var/www/html/wp-includes/plugin.php(478): WP_Hook->do_action()
#11 /var/www/html/wp-admin/admin-ajax.php(175): do_action()
#12 {main}
2020-11-15 19:50:18 ERROR: zcrmsdk\crm\exception\ZCRMException Caused by:'unable to process your request. please verify whether you have entered proper method name, parameter and parameter values.' in /var/www/html/wp-content/plugins/adept-drivers/vendor/zohocrm/php-sdk/src/crm/api/response/APIResponse.php(93)
Trace::#0 /var/www/html/wp-content/plugins/adept-drivers/vendor/zohocrm/php-sdk/src/crm/api/response/CommonAPIResponse.php(76): zcrmsdk\crm\api\response\APIResponse->handleForFaultyResponses()
#1 /var/www/html/wp-content/plugins/adept-drivers/vendor/zohocrm/php-sdk/src/crm/api/response/CommonAPIResponse.php(67): zcrmsdk\crm\api\response\CommonAPIResponse->processResponse()
#2 /var/www/html/wp-content/plugins/adept-drivers/vendor/zohocrm/php-sdk/src/crm/api/response/APIResponse.php(34): zcrmsdk\crm\api\response\CommonAPIResponse->__construct()
#3 /var/www/html/wp-content/plugins/adept-drivers/vendor/zohocrm/php-sdk/src/crm/api/APIRequest.php(122): zcrmsdk\crm\api\response\APIResponse->__construct()
#4 /var/www/html/wp-content/plugins/adept-drivers/vendor/zohocrm/php-sdk/src/crm/api/handler/OrganizationAPIHandler.php(121): zcrmsdk\crm\api\APIRequest->getAPIResponse()
#5 /var/www/html/wp-content/plugins/adept-drivers/vendor/zohocrm/php-sdk/src/crm/setup/restclient/ZCRMRestClient.php(134): zcrmsdk\crm\api\handler\OrganizationAPIHandler->getOrganizationDetails()
#6 /var/www/html/wp-content/plugins/adept-drivers/includes/class-adept-drivers-zcrm.php(310): zcrmsdk\crm\setup\restclient\ZCRMRestClient::getOrganizationDetails()
#7 /var/www/html/wp-content/plugins/adept-drivers/includes/class-adept-drivers-zcrm.php(332): Adept_Drivers_ZCRM->get_zcrm_modules()
#8 /var/www/html/wp-includes/class-wp-hook.php(288): Adept_Drivers_ZCRM->ad_zcrm_get_modules()
#9 /var/www/html/wp-includes/class-wp-hook.php(312): WP_Hook->apply_filters()
#10 /var/www/html/wp-includes/plugin.php(478): WP_Hook->do_action()
#11 /var/www/html/wp-admin/admin-ajax.php(175): do_action()
#12 {main}
2020-11-15 19:51:06 ERROR: zcrmsdk\crm\exception\ZCRMException Caused by:'unable to process your request. please verify whether you have entered proper method name, parameter and parameter values.' in /var/www/html/wp-content/plugins/adept-drivers/vendor/zohocrm/php-sdk/src/crm/api/response/APIResponse.php(93)
Trace::#0 /var/www/html/wp-content/plugins/adept-drivers/vendor/zohocrm/php-sdk/src/crm/api/response/CommonAPIResponse.php(76): zcrmsdk\crm\api\response\APIResponse->handleForFaultyResponses()
#1 /var/www/html/wp-content/plugins/adept-drivers/vendor/zohocrm/php-sdk/src/crm/api/response/CommonAPIResponse.php(67): zcrmsdk\crm\api\response\CommonAPIResponse->processResponse()
#2 /var/www/html/wp-content/plugins/adept-drivers/vendor/zohocrm/php-sdk/src/crm/api/response/APIResponse.php(34): zcrmsdk\crm\api\response\CommonAPIResponse->__construct()
#3 /var/www/html/wp-content/plugins/adept-drivers/vendor/zohocrm/php-sdk/src/crm/api/APIRequest.php(122): zcrmsdk\crm\api\response\APIResponse->__construct()
#4 /var/www/html/wp-content/plugins/adept-drivers/vendor/zohocrm/php-sdk/src/crm/api/handler/OrganizationAPIHandler.php(121): zcrmsdk\crm\api\APIRequest->getAPIResponse()
#5 /var/www/html/wp-content/plugins/adept-drivers/vendor/zohocrm/php-sdk/src/crm/setup/restclient/ZCRMRestClient.php(134): zcrmsdk\crm\api\handler\OrganizationAPIHandler->getOrganizationDetails()
#6 /var/www/html/wp-content/plugins/adept-drivers/includes/class-adept-drivers-zcrm.php(310): zcrmsdk\crm\setup\restclient\ZCRMRestClient::getOrganizationDetails()
#7 /var/www/html/wp-content/plugins/adept-drivers/includes/class-adept-drivers-zcrm.php(332): Adept_Drivers_ZCRM->get_zcrm_api_test()
#8 /var/www/html/wp-includes/class-wp-hook.php(288): Adept_Drivers_ZCRM->ad_zcrm_get_modules()
#9 /var/www/html/wp-includes/class-wp-hook.php(312): WP_Hook->apply_filters()
#10 /var/www/html/wp-includes/plugin.php(478): WP_Hook->do_action()
#11 /var/www/html/wp-admin/admin-ajax.php(175): do_action()
#12 {main}
2020-12-15 23:30:51 INFO: Access Token has expired. Hence refreshing.
2020-12-15 23:30:52 ERROR: zcrmsdk\crm\exception\ZCRMException Caused by:'invalid oauth scope to access this URL' in /var/www/html/wp-content/plugins/adept-drivers/vendor/zohocrm/php-sdk/src/crm/api/response/APIResponse.php(93)
Trace::#0 /var/www/html/wp-content/plugins/adept-drivers/vendor/zohocrm/php-sdk/src/crm/api/response/CommonAPIResponse.php(76): zcrmsdk\crm\api\response\APIResponse->handleForFaultyResponses()
#1 /var/www/html/wp-content/plugins/adept-drivers/vendor/zohocrm/php-sdk/src/crm/api/response/CommonAPIResponse.php(67): zcrmsdk\crm\api\response\CommonAPIResponse->processResponse()
#2 /var/www/html/wp-content/plugins/adept-drivers/vendor/zohocrm/php-sdk/src/crm/api/response/APIResponse.php(34): zcrmsdk\crm\api\response\CommonAPIResponse->__construct()
#3 /var/www/html/wp-content/plugins/adept-drivers/vendor/zohocrm/php-sdk/src/crm/api/APIRequest.php(122): zcrmsdk\crm\api\response\APIResponse->__construct()
#4 /var/www/html/wp-content/plugins/adept-drivers/vendor/zohocrm/php-sdk/src/crm/api/handler/OrganizationAPIHandler.php(121): zcrmsdk\crm\api\APIRequest->getAPIResponse()
#5 /var/www/html/wp-content/plugins/adept-drivers/vendor/zohocrm/php-sdk/src/crm/setup/restclient/ZCRMRestClient.php(134): zcrmsdk\crm\api\handler\OrganizationAPIHandler->getOrganizationDetails()
#6 /var/www/html/wp-content/plugins/adept-drivers/includes/class-adept-drivers-zcrm.php(434): zcrmsdk\crm\setup\restclient\ZCRMRestClient::getOrganizationDetails()
#7 /var/www/html/wp-content/plugins/adept-drivers/includes/class-adept-drivers-zcrm.php(456): Adept_Drivers_ZCRM->get_zcrm_api_test()
#8 /var/www/html/wp-includes/class-wp-hook.php(288): Adept_Drivers_ZCRM->ad_zcrm_get_modules()
#9 /var/www/html/wp-includes/class-wp-hook.php(312): WP_Hook->apply_filters()
#10 /var/www/html/wp-includes/plugin.php(478): WP_Hook->do_action()
#11 /var/www/html/wp-admin/admin-ajax.php(175): do_action()
#12 {main}
2020-12-15 23:31:05 ERROR: zcrmsdk\crm\exception\ZCRMException Caused by:'invalid oauth scope to access this URL' in /var/www/html/wp-content/plugins/adept-drivers/vendor/zohocrm/php-sdk/src/crm/api/response/APIResponse.php(93)
Trace::#0 /var/www/html/wp-content/plugins/adept-drivers/vendor/zohocrm/php-sdk/src/crm/api/response/CommonAPIResponse.php(76): zcrmsdk\crm\api\response\APIResponse->handleForFaultyResponses()
#1 /var/www/html/wp-content/plugins/adept-drivers/vendor/zohocrm/php-sdk/src/crm/api/response/CommonAPIResponse.php(67): zcrmsdk\crm\api\response\CommonAPIResponse->processResponse()
#2 /var/www/html/wp-content/plugins/adept-drivers/vendor/zohocrm/php-sdk/src/crm/api/response/APIResponse.php(34): zcrmsdk\crm\api\response\CommonAPIResponse->__construct()
#3 /var/www/html/wp-content/plugins/adept-drivers/vendor/zohocrm/php-sdk/src/crm/api/APIRequest.php(122): zcrmsdk\crm\api\response\APIResponse->__construct()
#4 /var/www/html/wp-content/plugins/adept-drivers/vendor/zohocrm/php-sdk/src/crm/api/handler/OrganizationAPIHandler.php(121): zcrmsdk\crm\api\APIRequest->getAPIResponse()
#5 /var/www/html/wp-content/plugins/adept-drivers/vendor/zohocrm/php-sdk/src/crm/setup/restclient/ZCRMRestClient.php(134): zcrmsdk\crm\api\handler\OrganizationAPIHandler->getOrganizationDetails()
#6 /var/www/html/wp-content/plugins/adept-drivers/includes/class-adept-drivers-zcrm.php(434): zcrmsdk\crm\setup\restclient\ZCRMRestClient::getOrganizationDetails()
#7 /var/www/html/wp-content/plugins/adept-drivers/includes/class-adept-drivers-zcrm.php(456): Adept_Drivers_ZCRM->get_zcrm_api_test()
#8 /var/www/html/wp-includes/class-wp-hook.php(288): Adept_Drivers_ZCRM->ad_zcrm_get_modules()
#9 /var/www/html/wp-includes/class-wp-hook.php(312): WP_Hook->apply_filters()
#10 /var/www/html/wp-includes/plugin.php(478): WP_Hook->do_action()
#11 /var/www/html/wp-admin/admin-ajax.php(175): do_action()
#12 {main}
2020-12-15 23:41:17 ERROR: zcrmsdk\crm\exception\ZCRMException Caused by:'unable to process your request. please verify whether you have entered proper method name, parameter and parameter values.' in /var/www/html/wp-content/plugins/adept-drivers/vendor/zohocrm/php-sdk/src/crm/api/response/APIResponse.php(93)
Trace::#0 /var/www/html/wp-content/plugins/adept-drivers/vendor/zohocrm/php-sdk/src/crm/api/response/CommonAPIResponse.php(76): zcrmsdk\crm\api\response\APIResponse->handleForFaultyResponses()
#1 /var/www/html/wp-content/plugins/adept-drivers/vendor/zohocrm/php-sdk/src/crm/api/response/CommonAPIResponse.php(67): zcrmsdk\crm\api\response\CommonAPIResponse->processResponse()
#2 /var/www/html/wp-content/plugins/adept-drivers/vendor/zohocrm/php-sdk/src/crm/api/response/APIResponse.php(34): zcrmsdk\crm\api\response\CommonAPIResponse->__construct()
#3 /var/www/html/wp-content/plugins/adept-drivers/vendor/zohocrm/php-sdk/src/crm/api/APIRequest.php(122): zcrmsdk\crm\api\response\APIResponse->__construct()
#4 /var/www/html/wp-content/plugins/adept-drivers/vendor/zohocrm/php-sdk/src/crm/api/handler/OrganizationAPIHandler.php(121): zcrmsdk\crm\api\APIRequest->getAPIResponse()
#5 /var/www/html/wp-content/plugins/adept-drivers/vendor/zohocrm/php-sdk/src/crm/setup/restclient/ZCRMRestClient.php(134): zcrmsdk\crm\api\handler\OrganizationAPIHandler->getOrganizationDetails()
#6 /var/www/html/wp-content/plugins/adept-drivers/includes/class-adept-drivers-zcrm.php(434): zcrmsdk\crm\setup\restclient\ZCRMRestClient::getOrganizationDetails()
#7 /var/www/html/wp-content/plugins/adept-drivers/includes/class-adept-drivers-zcrm.php(456): Adept_Drivers_ZCRM->get_zcrm_api_test()
#8 /var/www/html/wp-includes/class-wp-hook.php(288): Adept_Drivers_ZCRM->ad_zcrm_get_modules()
#9 /var/www/html/wp-includes/class-wp-hook.php(312): WP_Hook->apply_filters()
#10 /var/www/html/wp-includes/plugin.php(478): WP_Hook->do_action()
#11 /var/www/html/wp-admin/admin-ajax.php(175): do_action()
#12 {main}
2020-12-15 23:42:43 ERROR: zcrmsdk\crm\exception\ZCRMException Caused by:'unable to process your request. please verify whether you have entered proper method name, parameter and parameter values.' in /var/www/html/wp-content/plugins/adept-drivers/vendor/zohocrm/php-sdk/src/crm/api/response/APIResponse.php(93)
Trace::#0 /var/www/html/wp-content/plugins/adept-drivers/vendor/zohocrm/php-sdk/src/crm/api/response/CommonAPIResponse.php(76): zcrmsdk\crm\api\response\APIResponse->handleForFaultyResponses()
#1 /var/www/html/wp-content/plugins/adept-drivers/vendor/zohocrm/php-sdk/src/crm/api/response/CommonAPIResponse.php(67): zcrmsdk\crm\api\response\CommonAPIResponse->processResponse()
#2 /var/www/html/wp-content/plugins/adept-drivers/vendor/zohocrm/php-sdk/src/crm/api/response/APIResponse.php(34): zcrmsdk\crm\api\response\CommonAPIResponse->__construct()
#3 /var/www/html/wp-content/plugins/adept-drivers/vendor/zohocrm/php-sdk/src/crm/api/APIRequest.php(122): zcrmsdk\crm\api\response\APIResponse->__construct()
#4 /var/www/html/wp-content/plugins/adept-drivers/vendor/zohocrm/php-sdk/src/crm/api/handler/OrganizationAPIHandler.php(121): zcrmsdk\crm\api\APIRequest->getAPIResponse()
#5 /var/www/html/wp-content/plugins/adept-drivers/vendor/zohocrm/php-sdk/src/crm/setup/restclient/ZCRMRestClient.php(134): zcrmsdk\crm\api\handler\OrganizationAPIHandler->getOrganizationDetails()
#6 /var/www/html/wp-content/plugins/adept-drivers/includes/class-adept-drivers-zcrm.php(434): zcrmsdk\crm\setup\restclient\ZCRMRestClient::getOrganizationDetails()
#7 /var/www/html/wp-content/plugins/adept-drivers/includes/class-adept-drivers-zcrm.php(456): Adept_Drivers_ZCRM->get_zcrm_api_test()
#8 /var/www/html/wp-includes/class-wp-hook.php(288): Adept_Drivers_ZCRM->ad_zcrm_get_modules()
#9 /var/www/html/wp-includes/class-wp-hook.php(312): WP_Hook->apply_filters()
#10 /var/www/html/wp-includes/plugin.php(478): WP_Hook->do_action()
#11 /var/www/html/wp-admin/admin-ajax.php(175): do_action()
#12 {main}
2020-12-15 23:51:46 ERROR: zcrmsdk\crm\exception\ZCRMException Caused by:'unable to process your request. please verify whether you have entered proper method name, parameter and parameter values.' in /var/www/html/wp-content/plugins/adept-drivers/vendor/zohocrm/php-sdk/src/crm/api/response/APIResponse.php(93)
Trace::#0 /var/www/html/wp-content/plugins/adept-drivers/vendor/zohocrm/php-sdk/src/crm/api/response/CommonAPIResponse.php(76): zcrmsdk\crm\api\response\APIResponse->handleForFaultyResponses()
#1 /var/www/html/wp-content/plugins/adept-drivers/vendor/zohocrm/php-sdk/src/crm/api/response/CommonAPIResponse.php(67): zcrmsdk\crm\api\response\CommonAPIResponse->processResponse()
#2 /var/www/html/wp-content/plugins/adept-drivers/vendor/zohocrm/php-sdk/src/crm/api/response/APIResponse.php(34): zcrmsdk\crm\api\response\CommonAPIResponse->__construct()
#3 /var/www/html/wp-content/plugins/adept-drivers/vendor/zohocrm/php-sdk/src/crm/api/APIRequest.php(122): zcrmsdk\crm\api\response\APIResponse->__construct()
#4 /var/www/html/wp-content/plugins/adept-drivers/vendor/zohocrm/php-sdk/src/crm/api/handler/OrganizationAPIHandler.php(121): zcrmsdk\crm\api\APIRequest->getAPIResponse()
#5 /var/www/html/wp-content/plugins/adept-drivers/vendor/zohocrm/php-sdk/src/crm/setup/restclient/ZCRMRestClient.php(134): zcrmsdk\crm\api\handler\OrganizationAPIHandler->getOrganizationDetails()
#6 /var/www/html/wp-content/plugins/adept-drivers/includes/class-adept-drivers-zcrm.php(435): zcrmsdk\crm\setup\restclient\ZCRMRestClient::getOrganizationDetails()
#7 /var/www/html/wp-content/plugins/adept-drivers/includes/class-adept-drivers-zcrm.php(457): Adept_Drivers_ZCRM->get_zcrm_api_test()
#8 /var/www/html/wp-includes/class-wp-hook.php(288): Adept_Drivers_ZCRM->ad_zcrm_get_modules()
#9 /var/www/html/wp-includes/class-wp-hook.php(312): WP_Hook->apply_filters()
#10 /var/www/html/wp-includes/plugin.php(478): WP_Hook->do_action()
#11 /var/www/html/wp-admin/admin-ajax.php(175): do_action()
#12 {main}
2021-01-05 00:05:57 INFO: Access Token has expired. Hence refreshing.
2021-01-05 00:05:58 ERROR: zcrmsdk\crm\exception\ZCRMException Caused by:'invalid oauth scope to access this URL' in /var/www/html/wp-content/plugins/adept-drivers/vendor/zohocrm/php-sdk/src/crm/api/response/APIResponse.php(93)
Trace::#0 /var/www/html/wp-content/plugins/adept-drivers/vendor/zohocrm/php-sdk/src/crm/api/response/CommonAPIResponse.php(76): zcrmsdk\crm\api\response\APIResponse->handleForFaultyResponses()
#1 /var/www/html/wp-content/plugins/adept-drivers/vendor/zohocrm/php-sdk/src/crm/api/response/CommonAPIResponse.php(67): zcrmsdk\crm\api\response\CommonAPIResponse->processResponse()
#2 /var/www/html/wp-content/plugins/adept-drivers/vendor/zohocrm/php-sdk/src/crm/api/response/APIResponse.php(34): zcrmsdk\crm\api\response\CommonAPIResponse->__construct()
#3 /var/www/html/wp-content/plugins/adept-drivers/vendor/zohocrm/php-sdk/src/crm/api/APIRequest.php(122): zcrmsdk\crm\api\response\APIResponse->__construct()
#4 /var/www/html/wp-content/plugins/adept-drivers/vendor/zohocrm/php-sdk/src/crm/api/handler/OrganizationAPIHandler.php(121): zcrmsdk\crm\api\APIRequest->getAPIResponse()
#5 /var/www/html/wp-content/plugins/adept-drivers/vendor/zohocrm/php-sdk/src/crm/setup/restclient/ZCRMRestClient.php(134): zcrmsdk\crm\api\handler\OrganizationAPIHandler->getOrganizationDetails()
#6 /var/www/html/wp-content/plugins/adept-drivers/includes/class-adept-drivers-zcrm.php(435): zcrmsdk\crm\setup\restclient\ZCRMRestClient::getOrganizationDetails()
#7 /var/www/html/wp-content/plugins/adept-drivers/includes/class-adept-drivers-zcrm.php(457): Adept_Drivers_ZCRM->get_zcrm_api_test()
#8 /var/www/html/wp-includes/class-wp-hook.php(288): Adept_Drivers_ZCRM->ad_zcrm_get_modules()
#9 /var/www/html/wp-includes/class-wp-hook.php(312): WP_Hook->apply_filters()
#10 /var/www/html/wp-includes/plugin.php(478): WP_Hook->do_action()
#11 /var/www/html/wp-admin/admin-ajax.php(175): do_action()
#12 {main}
2021-01-05 00:18:36 ERROR: zcrmsdk\crm\exception\ZCRMException Caused by:'invalid oauth scope to access this URL' in /var/www/html/wp-content/plugins/adept-drivers/vendor/zohocrm/php-sdk-archive/src/crm/api/response/APIResponse.php(93)
Trace::#0 /var/www/html/wp-content/plugins/adept-drivers/vendor/zohocrm/php-sdk-archive/src/crm/api/response/CommonAPIResponse.php(76): zcrmsdk\crm\api\response\APIResponse->handleForFaultyResponses()
#1 /var/www/html/wp-content/plugins/adept-drivers/vendor/zohocrm/php-sdk-archive/src/crm/api/response/CommonAPIResponse.php(67): zcrmsdk\crm\api\response\CommonAPIResponse->processResponse()
#2 /var/www/html/wp-content/plugins/adept-drivers/vendor/zohocrm/php-sdk-archive/src/crm/api/response/APIResponse.php(34): zcrmsdk\crm\api\response\CommonAPIResponse->__construct()
#3 /var/www/html/wp-content/plugins/adept-drivers/vendor/zohocrm/php-sdk-archive/src/crm/api/APIRequest.php(122): zcrmsdk\crm\api\response\APIResponse->__construct()
#4 /var/www/html/wp-content/plugins/adept-drivers/vendor/zohocrm/php-sdk-archive/src/crm/api/handler/OrganizationAPIHandler.php(121): zcrmsdk\crm\api\APIRequest->getAPIResponse()
#5 /var/www/html/wp-content/plugins/adept-drivers/vendor/zohocrm/php-sdk-archive/src/crm/setup/restclient/ZCRMRestClient.php(134): zcrmsdk\crm\api\handler\OrganizationAPIHandler->getOrganizationDetails()
#6 /var/www/html/wp-content/plugins/adept-drivers/includes/class-adept-drivers-zcrm.php(435): zcrmsdk\crm\setup\restclient\ZCRMRestClient::getOrganizationDetails()
#7 /var/www/html/wp-content/plugins/adept-drivers/includes/class-adept-drivers-zcrm.php(457): Adept_Drivers_ZCRM->get_zcrm_api_test()
#8 /var/www/html/wp-includes/class-wp-hook.php(288): Adept_Drivers_ZCRM->ad_zcrm_get_modules()
#9 /var/www/html/wp-includes/class-wp-hook.php(312): WP_Hook->apply_filters()
#10 /var/www/html/wp-includes/plugin.php(478): WP_Hook->do_action()
#11 /var/www/html/wp-admin/admin-ajax.php(175): do_action()
#12 {main}
2021-01-05 00:21:39 ERROR: zcrmsdk\crm\exception\ZCRMException Caused by:'invalid oauth scope to access this URL' in /var/www/html/wp-content/plugins/adept-drivers/vendor/zohocrm/php-sdk-archive/src/crm/api/response/APIResponse.php(93)
Trace::#0 /var/www/html/wp-content/plugins/adept-drivers/vendor/zohocrm/php-sdk-archive/src/crm/api/response/CommonAPIResponse.php(76): zcrmsdk\crm\api\response\APIResponse->handleForFaultyResponses()
#1 /var/www/html/wp-content/plugins/adept-drivers/vendor/zohocrm/php-sdk-archive/src/crm/api/response/CommonAPIResponse.php(67): zcrmsdk\crm\api\response\CommonAPIResponse->processResponse()
#2 /var/www/html/wp-content/plugins/adept-drivers/vendor/zohocrm/php-sdk-archive/src/crm/api/response/APIResponse.php(34): zcrmsdk\crm\api\response\CommonAPIResponse->__construct()
#3 /var/www/html/wp-content/plugins/adept-drivers/vendor/zohocrm/php-sdk-archive/src/crm/api/APIRequest.php(122): zcrmsdk\crm\api\response\APIResponse->__construct()
#4 /var/www/html/wp-content/plugins/adept-drivers/vendor/zohocrm/php-sdk-archive/src/crm/api/handler/OrganizationAPIHandler.php(121): zcrmsdk\crm\api\APIRequest->getAPIResponse()
#5 /var/www/html/wp-content/plugins/adept-drivers/vendor/zohocrm/php-sdk-archive/src/crm/setup/restclient/ZCRMRestClient.php(134): zcrmsdk\crm\api\handler\OrganizationAPIHandler->getOrganizationDetails()
#6 /var/www/html/wp-content/plugins/adept-drivers/includes/class-adept-drivers-zcrm.php(435): zcrmsdk\crm\setup\restclient\ZCRMRestClient::getOrganizationDetails()
#7 /var/www/html/wp-content/plugins/adept-drivers/includes/class-adept-drivers-zcrm.php(457): Adept_Drivers_ZCRM->get_zcrm_api_test()
#8 /var/www/html/wp-includes/class-wp-hook.php(288): Adept_Drivers_ZCRM->ad_zcrm_get_modules()
#9 /var/www/html/wp-includes/class-wp-hook.php(312): WP_Hook->apply_filters()
#10 /var/www/html/wp-includes/plugin.php(478): WP_Hook->do_action()
#11 /var/www/html/wp-admin/admin-ajax.php(175): do_action()
#12 {main}
2021-01-05 00:25:10 ERROR: zcrmsdk\crm\exception\ZCRMException Caused by:'invalid oauth scope to access this URL' in /var/www/html/wp-content/plugins/adept-drivers/vendor/zohocrm/php-sdk-archive/src/crm/api/response/APIResponse.php(93)
Trace::#0 /var/www/html/wp-content/plugins/adept-drivers/vendor/zohocrm/php-sdk-archive/src/crm/api/response/CommonAPIResponse.php(76): zcrmsdk\crm\api\response\APIResponse->handleForFaultyResponses()
#1 /var/www/html/wp-content/plugins/adept-drivers/vendor/zohocrm/php-sdk-archive/src/crm/api/response/CommonAPIResponse.php(67): zcrmsdk\crm\api\response\CommonAPIResponse->processResponse()
#2 /var/www/html/wp-content/plugins/adept-drivers/vendor/zohocrm/php-sdk-archive/src/crm/api/response/APIResponse.php(34): zcrmsdk\crm\api\response\CommonAPIResponse->__construct()
#3 /var/www/html/wp-content/plugins/adept-drivers/vendor/zohocrm/php-sdk-archive/src/crm/api/APIRequest.php(122): zcrmsdk\crm\api\response\APIResponse->__construct()
#4 /var/www/html/wp-content/plugins/adept-drivers/vendor/zohocrm/php-sdk-archive/src/crm/api/handler/OrganizationAPIHandler.php(121): zcrmsdk\crm\api\APIRequest->getAPIResponse()
#5 /var/www/html/wp-content/plugins/adept-drivers/vendor/zohocrm/php-sdk-archive/src/crm/setup/restclient/ZCRMRestClient.php(134): zcrmsdk\crm\api\handler\OrganizationAPIHandler->getOrganizationDetails()
#6 /var/www/html/wp-content/plugins/adept-drivers/includes/class-adept-drivers-zcrm.php(435): zcrmsdk\crm\setup\restclient\ZCRMRestClient::getOrganizationDetails()
#7 /var/www/html/wp-content/plugins/adept-drivers/includes/class-adept-drivers-zcrm.php(457): Adept_Drivers_ZCRM->get_zcrm_api_test()
#8 /var/www/html/wp-includes/class-wp-hook.php(288): Adept_Drivers_ZCRM->ad_zcrm_get_modules()
#9 /var/www/html/wp-includes/class-wp-hook.php(312): WP_Hook->apply_filters()
#10 /var/www/html/wp-includes/plugin.php(478): WP_Hook->do_action()
#11 /var/www/html/wp-admin/admin-ajax.php(175): do_action()
#12 {main}
2021-01-05 00:26:09 SEVERE: Exception while retrieving tokens from persistence - zcrmsdk\oauth\exception\ZohoOAuthException Caused by:'No Tokens exist for the given user-identifier,Please generate and try again.' in /var/www/html/wp-content/plugins/adept-drivers/vendor/zohocrm/php-sdk-archive/src/oauth/persistence/ZohoOAuthPersistenceByFile.php(44)
#0 /var/www/html/wp-content/plugins/adept-drivers/vendor/zohocrm/php-sdk-archive/src/oauth/ZohoOAuthClient.php(38): zcrmsdk\oauth\persistence\ZohoOAuthPersistenceByFile->getOAuthTokens()
#1 /var/www/html/wp-content/plugins/adept-drivers/vendor/zohocrm/php-sdk-archive/src/crm/utility/ZCRMConfigUtil.php(104): zcrmsdk\oauth\ZohoOAuthClient->getAccessToken()
#2 /var/www/html/wp-content/plugins/adept-drivers/vendor/zohocrm/php-sdk-archive/src/crm/api/APIRequest.php(88): zcrmsdk\crm\utility\ZCRMConfigUtil::getAccessToken()
#3 /var/www/html/wp-content/plugins/adept-drivers/vendor/zohocrm/php-sdk-archive/src/crm/api/APIRequest.php(113): zcrmsdk\crm\api\APIRequest->authenticateRequest()
#4 /var/www/html/wp-content/plugins/adept-drivers/vendor/zohocrm/php-sdk-archive/src/crm/api/handler/OrganizationAPIHandler.php(121): zcrmsdk\crm\api\APIRequest->getAPIResponse()
#5 /var/www/html/wp-content/plugins/adept-drivers/vendor/zohocrm/php-sdk-archive/src/crm/setup/restclient/ZCRMRestClient.php(134): zcrmsdk\crm\api\handler\OrganizationAPIHandler->getOrganizationDetails()
#6 /var/www/html/wp-content/plugins/adept-drivers/includes/class-adept-drivers-zcrm.php(435): zcrmsdk\crm\setup\restclient\ZCRMRestClient::getOrganizationDetails()
#7 /var/www/html/wp-content/plugins/adept-drivers/includes/class-adept-drivers-zcrm.php(457): Adept_Drivers_ZCRM->get_zcrm_api_test()
#8 /var/www/html/wp-includes/class-wp-hook.php(288): Adept_Drivers_ZCRM->ad_zcrm_get_modules()
#9 /var/www/html/wp-includes/class-wp-hook.php(312): WP_Hook->apply_filters()
#10 /var/www/html/wp-includes/plugin.php(478): WP_Hook->do_action()
#11 /var/www/html/wp-admin/admin-ajax.php(175): do_action()
#12 {main}
2021-01-05 00:31:17 ERROR: zcrmsdk\crm\exception\ZCRMException Caused by:'unable to process your request. please verify whether you have entered proper method name, parameter and parameter values.' in /var/www/html/wp-content/plugins/adept-drivers/vendor/zohocrm/php-sdk-archive/src/crm/api/response/APIResponse.php(93)
Trace::#0 /var/www/html/wp-content/plugins/adept-drivers/vendor/zohocrm/php-sdk-archive/src/crm/api/response/CommonAPIResponse.php(76): zcrmsdk\crm\api\response\APIResponse->handleForFaultyResponses()
#1 /var/www/html/wp-content/plugins/adept-drivers/vendor/zohocrm/php-sdk-archive/src/crm/api/response/CommonAPIResponse.php(67): zcrmsdk\crm\api\response\CommonAPIResponse->processResponse()
#2 /var/www/html/wp-content/plugins/adept-drivers/vendor/zohocrm/php-sdk-archive/src/crm/api/response/APIResponse.php(34): zcrmsdk\crm\api\response\CommonAPIResponse->__construct()
#3 /var/www/html/wp-content/plugins/adept-drivers/vendor/zohocrm/php-sdk-archive/src/crm/api/APIRequest.php(122): zcrmsdk\crm\api\response\APIResponse->__construct()
#4 /var/www/html/wp-content/plugins/adept-drivers/vendor/zohocrm/php-sdk-archive/src/crm/api/handler/OrganizationAPIHandler.php(121): zcrmsdk\crm\api\APIRequest->getAPIResponse()
#5 /var/www/html/wp-content/plugins/adept-drivers/vendor/zohocrm/php-sdk-archive/src/crm/setup/restclient/ZCRMRestClient.php(134): zcrmsdk\crm\api\handler\OrganizationAPIHandler->getOrganizationDetails()
#6 /var/www/html/wp-content/plugins/adept-drivers/includes/class-adept-drivers-zcrm.php(435): zcrmsdk\crm\setup\restclient\ZCRMRestClient::getOrganizationDetails()
#7 /var/www/html/wp-content/plugins/adept-drivers/includes/class-adept-drivers-zcrm.php(457): Adept_Drivers_ZCRM->get_zcrm_api_test()
#8 /var/www/html/wp-includes/class-wp-hook.php(288): Adept_Drivers_ZCRM->ad_zcrm_get_modules()
#9 /var/www/html/wp-includes/class-wp-hook.php(312): WP_Hook->apply_filters()
#10 /var/www/html/wp-includes/plugin.php(478): WP_Hook->do_action()
#11 /var/www/html/wp-admin/admin-ajax.php(175): do_action()
#12 {main}
2021-01-05 00:33:41 ERROR: zcrmsdk\crm\exception\ZCRMException Caused by:'unable to process your request. please verify whether you have entered proper method name, parameter and parameter values.' in /var/www/html/wp-content/plugins/adept-drivers/vendor/zohocrm/php-sdk-archive/src/crm/api/response/APIResponse.php(93)
Trace::#0 /var/www/html/wp-content/plugins/adept-drivers/vendor/zohocrm/php-sdk-archive/src/crm/api/response/CommonAPIResponse.php(76): zcrmsdk\crm\api\response\APIResponse->handleForFaultyResponses()
#1 /var/www/html/wp-content/plugins/adept-drivers/vendor/zohocrm/php-sdk-archive/src/crm/api/response/CommonAPIResponse.php(67): zcrmsdk\crm\api\response\CommonAPIResponse->processResponse()
#2 /var/www/html/wp-content/plugins/adept-drivers/vendor/zohocrm/php-sdk-archive/src/crm/api/response/APIResponse.php(34): zcrmsdk\crm\api\response\CommonAPIResponse->__construct()
#3 /var/www/html/wp-content/plugins/adept-drivers/vendor/zohocrm/php-sdk-archive/src/crm/api/APIRequest.php(122): zcrmsdk\crm\api\response\APIResponse->__construct()
#4 /var/www/html/wp-content/plugins/adept-drivers/vendor/zohocrm/php-sdk-archive/src/crm/api/handler/OrganizationAPIHandler.php(121): zcrmsdk\crm\api\APIRequest->getAPIResponse()
#5 /var/www/html/wp-content/plugins/adept-drivers/vendor/zohocrm/php-sdk-archive/src/crm/setup/restclient/ZCRMRestClient.php(134): zcrmsdk\crm\api\handler\OrganizationAPIHandler->getOrganizationDetails()
#6 /var/www/html/wp-content/plugins/adept-drivers/includes/class-adept-drivers-zcrm.php(435): zcrmsdk\crm\setup\restclient\ZCRMRestClient::getOrganizationDetails()
#7 /var/www/html/wp-content/plugins/adept-drivers/includes/class-adept-drivers-zcrm.php(457): Adept_Drivers_ZCRM->get_zcrm_api_test()
#8 /var/www/html/wp-includes/class-wp-hook.php(288): Adept_Drivers_ZCRM->ad_zcrm_get_modules()
#9 /var/www/html/wp-includes/class-wp-hook.php(312): WP_Hook->apply_filters()
#10 /var/www/html/wp-includes/plugin.php(478): WP_Hook->do_action()
#11 /var/www/html/wp-admin/admin-ajax.php(175): do_action()
#12 {main}
2021-01-05 00:35:11 ERROR: zcrmsdk\crm\exception\ZCRMException Caused by:'unable to process your request. please verify whether you have entered proper method name, parameter and parameter values.' in /var/www/html/wp-content/plugins/adept-drivers/vendor/zohocrm/php-sdk-archive/src/crm/api/response/APIResponse.php(93)
Trace::#0 /var/www/html/wp-content/plugins/adept-drivers/vendor/zohocrm/php-sdk-archive/src/crm/api/response/CommonAPIResponse.php(76): zcrmsdk\crm\api\response\APIResponse->handleForFaultyResponses()
#1 /var/www/html/wp-content/plugins/adept-drivers/vendor/zohocrm/php-sdk-archive/src/crm/api/response/CommonAPIResponse.php(67): zcrmsdk\crm\api\response\CommonAPIResponse->processResponse()
#2 /var/www/html/wp-content/plugins/adept-drivers/vendor/zohocrm/php-sdk-archive/src/crm/api/response/APIResponse.php(34): zcrmsdk\crm\api\response\CommonAPIResponse->__construct()
#3 /var/www/html/wp-content/plugins/adept-drivers/vendor/zohocrm/php-sdk-archive/src/crm/api/APIRequest.php(122): zcrmsdk\crm\api\response\APIResponse->__construct()
#4 /var/www/html/wp-content/plugins/adept-drivers/vendor/zohocrm/php-sdk-archive/src/crm/api/handler/OrganizationAPIHandler.php(121): zcrmsdk\crm\api\APIRequest->getAPIResponse()
#5 /var/www/html/wp-content/plugins/adept-drivers/vendor/zohocrm/php-sdk-archive/src/crm/setup/restclient/ZCRMRestClient.php(134): zcrmsdk\crm\api\handler\OrganizationAPIHandler->getOrganizationDetails()
#6 /var/www/html/wp-content/plugins/adept-drivers/includes/class-adept-drivers-zcrm.php(436): zcrmsdk\crm\setup\restclient\ZCRMRestClient::getOrganizationDetails()
#7 /var/www/html/wp-content/plugins/adept-drivers/includes/class-adept-drivers-zcrm.php(458): Adept_Drivers_ZCRM->get_zcrm_api_test()
#8 /var/www/html/wp-includes/class-wp-hook.php(288): Adept_Drivers_ZCRM->ad_zcrm_get_modules()
#9 /var/www/html/wp-includes/class-wp-hook.php(312): WP_Hook->apply_filters()
#10 /var/www/html/wp-includes/plugin.php(478): WP_Hook->do_action()
#11 /var/www/html/wp-admin/admin-ajax.php(175): do_action()
#12 {main}
2021-01-05 00:41:42 ERROR: zcrmsdk\crm\exception\ZCRMException Caused by:'unable to process your request. please verify whether you have entered proper method name, parameter and parameter values.' in /var/www/html/wp-content/plugins/adept-drivers/vendor/zohocrm/php-sdk-archive/src/crm/api/response/APIResponse.php(93)
Trace::#0 /var/www/html/wp-content/plugins/adept-drivers/vendor/zohocrm/php-sdk-archive/src/crm/api/response/CommonAPIResponse.php(76): zcrmsdk\crm\api\response\APIResponse->handleForFaultyResponses()
#1 /var/www/html/wp-content/plugins/adept-drivers/vendor/zohocrm/php-sdk-archive/src/crm/api/response/CommonAPIResponse.php(67): zcrmsdk\crm\api\response\CommonAPIResponse->processResponse()
#2 /var/www/html/wp-content/plugins/adept-drivers/vendor/zohocrm/php-sdk-archive/src/crm/api/response/APIResponse.php(34): zcrmsdk\crm\api\response\CommonAPIResponse->__construct()
#3 /var/www/html/wp-content/plugins/adept-drivers/vendor/zohocrm/php-sdk-archive/src/crm/api/APIRequest.php(122): zcrmsdk\crm\api\response\APIResponse->__construct()
#4 /var/www/html/wp-content/plugins/adept-drivers/vendor/zohocrm/php-sdk-archive/src/crm/api/handler/OrganizationAPIHandler.php(121): zcrmsdk\crm\api\APIRequest->getAPIResponse()
#5 /var/www/html/wp-content/plugins/adept-drivers/vendor/zohocrm/php-sdk-archive/src/crm/setup/restclient/ZCRMRestClient.php(134): zcrmsdk\crm\api\handler\OrganizationAPIHandler->getOrganizationDetails()
#6 /var/www/html/wp-content/plugins/adept-drivers/includes/class-adept-drivers-zcrm.php(436): zcrmsdk\crm\setup\restclient\ZCRMRestClient::getOrganizationDetails()
#7 /var/www/html/wp-content/plugins/adept-drivers/includes/class-adept-drivers-zcrm.php(458): Adept_Drivers_ZCRM->get_zcrm_api_test()
#8 /var/www/html/wp-includes/class-wp-hook.php(288): Adept_Drivers_ZCRM->ad_zcrm_get_modules()
#9 /var/www/html/wp-includes/class-wp-hook.php(312): WP_Hook->apply_filters()
#10 /var/www/html/wp-includes/plugin.php(478): WP_Hook->do_action()
#11 /var/www/html/wp-admin/admin-ajax.php(175): do_action()
#12 {main}
2021-01-05 00:48:09 ERROR: zcrmsdk\crm\exception\ZCRMException Caused by:'unable to process your request. please verify whether you have entered proper method name, parameter and parameter values.' in /var/www/html/wp-content/plugins/adept-drivers/vendor/zohocrm/php-sdk-archive/src/crm/api/response/APIResponse.php(93)
Trace::#0 /var/www/html/wp-content/plugins/adept-drivers/vendor/zohocrm/php-sdk-archive/src/crm/api/response/CommonAPIResponse.php(76): zcrmsdk\crm\api\response\APIResponse->handleForFaultyResponses()
#1 /var/www/html/wp-content/plugins/adept-drivers/vendor/zohocrm/php-sdk-archive/src/crm/api/response/CommonAPIResponse.php(67): zcrmsdk\crm\api\response\CommonAPIResponse->processResponse()
#2 /var/www/html/wp-content/plugins/adept-drivers/vendor/zohocrm/php-sdk-archive/src/crm/api/response/APIResponse.php(34): zcrmsdk\crm\api\response\CommonAPIResponse->__construct()
#3 /var/www/html/wp-content/plugins/adept-drivers/vendor/zohocrm/php-sdk-archive/src/crm/api/APIRequest.php(122): zcrmsdk\crm\api\response\APIResponse->__construct()
#4 /var/www/html/wp-content/plugins/adept-drivers/vendor/zohocrm/php-sdk-archive/src/crm/api/handler/OrganizationAPIHandler.php(121): zcrmsdk\crm\api\APIRequest->getAPIResponse()
#5 /var/www/html/wp-content/plugins/adept-drivers/vendor/zohocrm/php-sdk-archive/src/crm/setup/restclient/ZCRMRestClient.php(134): zcrmsdk\crm\api\handler\OrganizationAPIHandler->getOrganizationDetails()
#6 /var/www/html/wp-content/plugins/adept-drivers/includes/class-adept-drivers-zcrm.php(440): zcrmsdk\crm\setup\restclient\ZCRMRestClient::getOrganizationDetails()
#7 /var/www/html/wp-content/plugins/adept-drivers/includes/class-adept-drivers-zcrm.php(462): Adept_Drivers_ZCRM->get_zcrm_api_test()
#8 /var/www/html/wp-includes/class-wp-hook.php(288): Adept_Drivers_ZCRM->ad_zcrm_get_modules()
#9 /var/www/html/wp-includes/class-wp-hook.php(312): WP_Hook->apply_filters()
#10 /var/www/html/wp-includes/plugin.php(478): WP_Hook->do_action()
#11 /var/www/html/wp-admin/admin-ajax.php(175): do_action()
#12 {main}
2021-01-05 00:49:30 ERROR: zcrmsdk\crm\exception\ZCRMException Caused by:'unable to process your request. please verify whether you have entered proper method name, parameter and parameter values.' in /var/www/html/wp-content/plugins/adept-drivers/vendor/zohocrm/php-sdk-archive/src/crm/api/response/APIResponse.php(93)
Trace::#0 /var/www/html/wp-content/plugins/adept-drivers/vendor/zohocrm/php-sdk-archive/src/crm/api/response/CommonAPIResponse.php(76): zcrmsdk\crm\api\response\APIResponse->handleForFaultyResponses()
#1 /var/www/html/wp-content/plugins/adept-drivers/vendor/zohocrm/php-sdk-archive/src/crm/api/response/CommonAPIResponse.php(67): zcrmsdk\crm\api\response\CommonAPIResponse->processResponse()
#2 /var/www/html/wp-content/plugins/adept-drivers/vendor/zohocrm/php-sdk-archive/src/crm/api/response/APIResponse.php(34): zcrmsdk\crm\api\response\CommonAPIResponse->__construct()
#3 /var/www/html/wp-content/plugins/adept-drivers/vendor/zohocrm/php-sdk-archive/src/crm/api/APIRequest.php(122): zcrmsdk\crm\api\response\APIResponse->__construct()
#4 /var/www/html/wp-content/plugins/adept-drivers/vendor/zohocrm/php-sdk-archive/src/crm/api/handler/OrganizationAPIHandler.php(121): zcrmsdk\crm\api\APIRequest->getAPIResponse()
#5 /var/www/html/wp-content/plugins/adept-drivers/vendor/zohocrm/php-sdk-archive/src/crm/setup/restclient/ZCRMRestClient.php(134): zcrmsdk\crm\api\handler\OrganizationAPIHandler->getOrganizationDetails()
#6 /var/www/html/wp-content/plugins/adept-drivers/includes/class-adept-drivers-zcrm.php(440): zcrmsdk\crm\setup\restclient\ZCRMRestClient::getOrganizationDetails()
#7 /var/www/html/wp-content/plugins/adept-drivers/includes/class-adept-drivers-zcrm.php(462): Adept_Drivers_ZCRM->get_zcrm_api_test()
#8 /var/www/html/wp-includes/class-wp-hook.php(288): Adept_Drivers_ZCRM->ad_zcrm_get_modules()
#9 /var/www/html/wp-includes/class-wp-hook.php(312): WP_Hook->apply_filters()
#10 /var/www/html/wp-includes/plugin.php(478): WP_Hook->do_action()
#11 /var/www/html/wp-admin/admin-ajax.php(175): do_action()
#12 {main}
2021-01-05 00:50:57 ERROR: zcrmsdk\crm\exception\ZCRMException Caused by:'unable to process your request. please verify whether you have entered proper method name, parameter and parameter values.' in /var/www/html/wp-content/plugins/adept-drivers/vendor/zohocrm/php-sdk-archive/src/crm/api/response/APIResponse.php(93)
Trace::#0 /var/www/html/wp-content/plugins/adept-drivers/vendor/zohocrm/php-sdk-archive/src/crm/api/response/CommonAPIResponse.php(76): zcrmsdk\crm\api\response\APIResponse->handleForFaultyResponses()
#1 /var/www/html/wp-content/plugins/adept-drivers/vendor/zohocrm/php-sdk-archive/src/crm/api/response/CommonAPIResponse.php(67): zcrmsdk\crm\api\response\CommonAPIResponse->processResponse()
#2 /var/www/html/wp-content/plugins/adept-drivers/vendor/zohocrm/php-sdk-archive/src/crm/api/response/APIResponse.php(34): zcrmsdk\crm\api\response\CommonAPIResponse->__construct()
#3 /var/www/html/wp-content/plugins/adept-drivers/vendor/zohocrm/php-sdk-archive/src/crm/api/APIRequest.php(122): zcrmsdk\crm\api\response\APIResponse->__construct()
#4 /var/www/html/wp-content/plugins/adept-drivers/vendor/zohocrm/php-sdk-archive/src/crm/api/handler/OrganizationAPIHandler.php(121): zcrmsdk\crm\api\APIRequest->getAPIResponse()
#5 /var/www/html/wp-content/plugins/adept-drivers/vendor/zohocrm/php-sdk-archive/src/crm/setup/restclient/ZCRMRestClient.php(134): zcrmsdk\crm\api\handler\OrganizationAPIHandler->getOrganizationDetails()
#6 /var/www/html/wp-content/plugins/adept-drivers/includes/class-adept-drivers-zcrm.php(440): zcrmsdk\crm\setup\restclient\ZCRMRestClient::getOrganizationDetails()
#7 /var/www/html/wp-includes/class-wp-hook.php(288): Adept_Drivers_ZCRM->get_zcrm_api_test()
#8 /var/www/html/wp-includes/class-wp-hook.php(312): WP_Hook->apply_filters()
#9 /var/www/html/wp-includes/plugin.php(478): WP_Hook->do_action()
#10 /var/www/html/wp-admin/admin-ajax.php(175): do_action()
#11 {main}
2021-01-05 00:54:50 ERROR: zcrmsdk\crm\exception\ZCRMException Caused by:'the module name given seems to be invalid' in /var/www/html/wp-content/plugins/adept-drivers/vendor/zohocrm/php-sdk-archive/src/crm/api/response/BulkAPIResponse.php(72)
Trace::#0 /var/www/html/wp-content/plugins/adept-drivers/vendor/zohocrm/php-sdk-archive/src/crm/api/response/CommonAPIResponse.php(76): zcrmsdk\crm\api\response\BulkAPIResponse->handleForFaultyResponses()
#1 /var/www/html/wp-content/plugins/adept-drivers/vendor/zohocrm/php-sdk-archive/src/crm/api/response/CommonAPIResponse.php(67): zcrmsdk\crm\api\response\CommonAPIResponse->processResponse()
#2 /var/www/html/wp-content/plugins/adept-drivers/vendor/zohocrm/php-sdk-archive/src/crm/api/response/BulkAPIResponse.php(47): zcrmsdk\crm\api\response\CommonAPIResponse->__construct()
#3 /var/www/html/wp-content/plugins/adept-drivers/vendor/zohocrm/php-sdk-archive/src/crm/api/APIRequest.php(148): zcrmsdk\crm\api\response\BulkAPIResponse->__construct()
#4 /var/www/html/wp-content/plugins/adept-drivers/vendor/zohocrm/php-sdk-archive/src/crm/api/handler/ModuleAPIHandler.php(77): zcrmsdk\crm\api\APIRequest->getBulkAPIResponse()
#5 /var/www/html/wp-content/plugins/adept-drivers/vendor/zohocrm/php-sdk-archive/src/crm/crud/ZCRMModule.php(954): zcrmsdk\crm\api\handler\ModuleAPIHandler->getAllFields()
#6 /var/www/html/wp-content/plugins/adept-drivers/includes/class-adept-drivers-zcrm.php(438): zcrmsdk\crm\crud\ZCRMModule->getAllFields()
#7 /var/www/html/wp-includes/class-wp-hook.php(288): Adept_Drivers_ZCRM->get_zcrm_api_test()
#8 /var/www/html/wp-includes/class-wp-hook.php(312): WP_Hook->apply_filters()
#9 /var/www/html/wp-includes/plugin.php(478): WP_Hook->do_action()
#10 /var/www/html/wp-admin/admin-ajax.php(175): do_action()
#11 {main}
2021-01-05 00:56:45 ERROR: zcrmsdk\crm\exception\ZCRMException Caused by:'the module name given seems to be invalid' in /var/www/html/wp-content/plugins/adept-drivers/vendor/zohocrm/php-sdk-archive/src/crm/api/response/BulkAPIResponse.php(72)
Trace::#0 /var/www/html/wp-content/plugins/adept-drivers/vendor/zohocrm/php-sdk-archive/src/crm/api/response/CommonAPIResponse.php(76): zcrmsdk\crm\api\response\BulkAPIResponse->handleForFaultyResponses()
#1 /var/www/html/wp-content/plugins/adept-drivers/vendor/zohocrm/php-sdk-archive/src/crm/api/response/CommonAPIResponse.php(67): zcrmsdk\crm\api\response\CommonAPIResponse->processResponse()
#2 /var/www/html/wp-content/plugins/adept-drivers/vendor/zohocrm/php-sdk-archive/src/crm/api/response/BulkAPIResponse.php(47): zcrmsdk\crm\api\response\CommonAPIResponse->__construct()
#3 /var/www/html/wp-content/plugins/adept-drivers/vendor/zohocrm/php-sdk-archive/src/crm/api/APIRequest.php(148): zcrmsdk\crm\api\response\BulkAPIResponse->__construct()
#4 /var/www/html/wp-content/plugins/adept-drivers/vendor/zohocrm/php-sdk-archive/src/crm/api/handler/ModuleAPIHandler.php(77): zcrmsdk\crm\api\APIRequest->getBulkAPIResponse()
#5 /var/www/html/wp-content/plugins/adept-drivers/vendor/zohocrm/php-sdk-archive/src/crm/crud/ZCRMModule.php(954): zcrmsdk\crm\api\handler\ModuleAPIHandler->getAllFields()
#6 /var/www/html/wp-content/plugins/adept-drivers/includes/class-adept-drivers-zcrm.php(438): zcrmsdk\crm\crud\ZCRMModule->getAllFields()
#7 /var/www/html/wp-includes/class-wp-hook.php(288): Adept_Drivers_ZCRM->get_zcrm_api_test()
#8 /var/www/html/wp-includes/class-wp-hook.php(312): WP_Hook->apply_filters()
#9 /var/www/html/wp-includes/plugin.php(478): WP_Hook->do_action()
#10 /var/www/html/wp-admin/admin-ajax.php(175): do_action()
#11 {main}
2021-01-05 03:27:52 INFO: Access Token has expired. Hence refreshing.
2021-01-06 01:42:50 INFO: Access Token has expired. Hence refreshing.
2021-01-06 23:42:55 INFO: Access Token has expired. Hence refreshing.
2021-01-07 01:20:28 INFO: Access Token has expired. Hence refreshing.
2021-01-09 19:36:15 INFO: Access Token has expired. Hence refreshing.
2021-01-12 02:19:53 INFO: Access Token has expired. Hence refreshing.
2021-03-01 04:47:23 INFO: Access Token has expired. Hence refreshing.
2021-03-02 03:32:35 INFO: Access Token has expired. Hence refreshing.
2021-03-03 02:16:24 INFO: Access Token has expired. Hence refreshing.
