2021-03-03 03:12:35--- INFO --- null Type: booking_page_cb
2021-03-03 03:15:52--- INFO --- null Type: booking_page_cb
2021-03-03 03:19:48--- INFO --- null Type: booking_page_cb
2021-03-03 04:09:29--- INFO --- null Type: booking_page_cb
2021-03-03 04:11:14--- INFO --- null Type: booking_page_cb
2021-03-03 04:18:23--- INFO --- null Type: booking_page_cb
2021-03-03 04:23:06--- INFO --- null Type: booking_page_cb
2021-03-03 21:48:40--- INFO --- null Type: booking_page_cb
2021-03-04 00:55:12--- INFO --- null Type: booking_page_cb
2021-03-04 00:56:59--- INFO --- null Type: booking_page_cb
2021-03-04 00:56:59--- INFO --- {"has_emergency":false} Type: booking_page_cb
2021-03-04 00:58:43--- INFO --- null Type: booking_page_cb
2021-03-04 00:58:43--- INFO --- {"date":false,"dayslater":1615424323,"has_emergency":false} Type: booking_page_cb
2021-03-04 00:59:37--- INFO --- null Type: booking_page_cb
2021-03-04 00:59:37--- INFO --- {"date":1614902400,"dayslater":1615424377,"has_emergency":true} Type: booking_page_cb
2021-03-04 01:01:39--- INFO --- null Type: booking_page_cb
2021-03-04 01:01:39--- INFO --- {"has_emergency":true} Type: booking_page_cb
2021-03-04 01:18:41--- INFO --- null Type: booking_page_cb
2021-03-04 01:18:41--- INFO --- {"has_emergency":true} Type: booking_page_cb
2021-03-04 01:33:35--- INFO --- null Type: booking_page_cb
2021-03-04 01:33:35--- INFO --- {"has_emergency":true} Type: booking_page_cb
2021-03-04 01:41:42--- INFO --- [{"id":"1","student_id":"5","tookan_id":"34667629","booking_date":"2021-03-06 10:00:00","booking_end":"2021-03-06 11:30:00","instructor":"911740","job_id":"208308574","tracking_url":"https:\/\/jngl.ml\/8J673Wa4a","acknowledgment":null,"status":"Pending","cancel":true}] Type: booking_page_cb
2021-03-04 01:41:42--- INFO --- {"has_emergency":true} Type: booking_page_cb
2021-03-04 01:43:15--- INFO --- [{"id":"1","student_id":"5","tookan_id":"34667629","booking_date":"2021-03-06 10:00:00","booking_end":"2021-03-06 11:30:00","instructor":"911740","job_id":"208308574","tracking_url":"https:\/\/jngl.ml\/8J673Wa4a","acknowledgment":null,"status":"Pending","cancel":true}] Type: booking_page_cb
2021-03-04 01:43:15--- INFO --- {"has_emergency":true} Type: booking_page_cb
2021-03-04 02:46:59--- INFO --- [{"id":"1","student_id":"5","tookan_id":"34667629","booking_date":"2021-03-06 10:00:00","booking_end":"2021-03-06 11:30:00","instructor":"911740","job_id":"208308574","tracking_url":"https:\/\/jngl.ml\/8J673Wa4a","acknowledgment":null,"status":"Pending","cancel":true}] Type: booking_page_cb
2021-03-04 02:46:59--- INFO --- {"has_emergency":true} Type: booking_page_cb
2021-03-04 02:48:05--- INFO --- [{"id":"1","student_id":"5","tookan_id":"34667629","booking_date":"2021-03-06 10:00:00","booking_end":"2021-03-06 11:30:00","instructor":"911740","job_id":"208308574","tracking_url":"https:\/\/jngl.ml\/8J673Wa4a","acknowledgment":null,"status":"Pending","cancel":true}] Type: booking_page_cb
2021-03-04 02:48:05--- INFO --- {"has_emergency":true} Type: booking_page_cb
2021-03-04 02:49:15--- INFO --- [{"id":"1","student_id":"5","tookan_id":"34667629","booking_date":"2021-03-06 10:00:00","booking_end":"2021-03-06 11:30:00","instructor":"911740","job_id":"208308574","tracking_url":"https:\/\/jngl.ml\/8J673Wa4a","acknowledgment":null,"status":"Pending","cancel":true}] Type: booking_page_cb
2021-03-04 02:49:15--- INFO --- {"has_emergency":true} Type: booking_page_cb
2021-03-04 02:51:35--- INFO --- [{"id":"1","student_id":"5","tookan_id":"34667629","booking_date":"2021-03-06 10:00:00","booking_end":"2021-03-06 11:30:00","instructor":"911740","job_id":"208308574","tracking_url":"https:\/\/jngl.ml\/8J673Wa4a","acknowledgment":null,"status":"Pending","cancel":true}] Type: booking_page_cb
2021-03-04 02:51:35--- INFO --- {"has_emergency":true} Type: booking_page_cb
2021-03-04 03:09:17--- INFO --- [{"id":"1","student_id":"5","tookan_id":"34667629","booking_date":"2021-03-06 10:00:00","booking_end":"2021-03-06 11:30:00","instructor":"911740","job_id":"208308574","tracking_url":"https:\/\/jngl.ml\/8J673Wa4a","acknowledgment":null,"status":"Pending","cancel":true}] Type: booking_page_cb
2021-03-04 03:09:17--- INFO --- {"has_emergency":true} Type: booking_page_cb
2021-03-04 03:32:09--- INFO --- [{"id":"2","student_id":"5","tookan_id":"34667629","booking_date":"2021-03-06 09:15:00","booking_end":"2021-03-06 10:45:00","instructor":"0","job_id":"208339741","tracking_url":"https:\/\/jngl.ml\/4c9P7Bb14","acknowledgment":null,"status":"Pending","cancel":true},{"id":"3","student_id":"5","tookan_id":"34667629","booking_date":"2021-03-04 09:15:00","booking_end":"2021-03-04 10:45:00","instructor":"0","job_id":"208341705","tracking_url":"https:\/\/jngl.ml\/6A589Re3e","acknowledgment":null,"status":"Pending","cancel":true},{"id":"4","student_id":"5","tookan_id":"34667629","booking_date":"2021-03-05 09:15:00","booking_end":"2021-03-05 10:45:00","instructor":"0","job_id":"208344053","tracking_url":"https:\/\/jngl.ml\/AG48a9e6e","acknowledgment":null,"status":"Pending","cancel":true}] Type: booking_page_cb
2021-03-04 03:32:09--- INFO --- {"has_emergency":true} Type: booking_page_cb
2021-03-04 03:32:33--- INFO --- [{"id":"3","student_id":"5","tookan_id":"34667629","booking_date":"2021-03-04 09:15:00","booking_end":"2021-03-04 10:45:00","instructor":"0","job_id":"208341705","tracking_url":"https:\/\/jngl.ml\/6A589Re3e","acknowledgment":null,"status":"Pending","cancel":true},{"id":"4","student_id":"5","tookan_id":"34667629","booking_date":"2021-03-05 09:15:00","booking_end":"2021-03-05 10:45:00","instructor":"0","job_id":"208344053","tracking_url":"https:\/\/jngl.ml\/AG48a9e6e","acknowledgment":null,"status":"Pending","cancel":true}] Type: booking_page_cb
2021-03-04 03:32:33--- INFO --- {"has_emergency":true} Type: booking_page_cb
2021-03-04 03:32:40--- INFO --- [{"id":"4","student_id":"5","tookan_id":"34667629","booking_date":"2021-03-05 09:15:00","booking_end":"2021-03-05 10:45:00","instructor":"0","job_id":"208344053","tracking_url":"https:\/\/jngl.ml\/AG48a9e6e","acknowledgment":null,"status":"Pending","cancel":true}] Type: booking_page_cb
2021-03-04 03:32:40--- INFO --- {"has_emergency":true} Type: booking_page_cb
2021-03-04 03:32:48--- INFO --- null Type: booking_page_cb
2021-03-04 03:32:48--- INFO --- {"has_emergency":true} Type: booking_page_cb
2021-03-04 03:38:37--- INFO --- [{"id":"5","student_id":"5","tookan_id":"34667629","booking_date":"2021-03-05 09:00:00","booking_end":"2021-03-05 10:30:00","instructor":"0","job_id":"208345331","tracking_url":"https:\/\/jngl.ml\/22Mf2Bb7b","acknowledgment":null,"status":"Pending","cancel":true},{"id":"6","student_id":"5","tookan_id":"34667629","booking_date":"2021-03-06 09:00:00","booking_end":"2021-03-06 10:30:00","instructor":"0","job_id":"208346736","tracking_url":"https:\/\/jngl.ml\/7bOO556cd","acknowledgment":null,"status":"Pending","cancel":true},{"id":"7","student_id":"5","tookan_id":"34667629","booking_date":"2021-03-04 09:00:00","booking_end":"2021-03-04 10:30:00","instructor":"0","job_id":"208347097","tracking_url":"https:\/\/jngl.ml\/441XbU0dd","acknowledgment":null,"status":"Pending","cancel":true}] Type: booking_page_cb
2021-03-04 03:38:37--- INFO --- {"has_emergency":true} Type: booking_page_cb
2021-03-04 03:38:58--- INFO --- [{"id":"6","student_id":"5","tookan_id":"34667629","booking_date":"2021-03-06 09:00:00","booking_end":"2021-03-06 10:30:00","instructor":"0","job_id":"208346736","tracking_url":"https:\/\/jngl.ml\/7bOO556cd","acknowledgment":null,"status":"Pending","cancel":true},{"id":"7","student_id":"5","tookan_id":"34667629","booking_date":"2021-03-04 09:00:00","booking_end":"2021-03-04 10:30:00","instructor":"0","job_id":"208347097","tracking_url":"https:\/\/jngl.ml\/441XbU0dd","acknowledgment":null,"status":"Pending","cancel":true}] Type: booking_page_cb
2021-03-04 03:38:58--- INFO --- {"has_emergency":true} Type: booking_page_cb
2021-03-04 03:39:06--- INFO --- [{"id":"7","student_id":"5","tookan_id":"34667629","booking_date":"2021-03-04 09:00:00","booking_end":"2021-03-04 10:30:00","instructor":"0","job_id":"208347097","tracking_url":"https:\/\/jngl.ml\/441XbU0dd","acknowledgment":null,"status":"Pending","cancel":true}] Type: booking_page_cb
2021-03-04 03:39:06--- INFO --- {"has_emergency":true} Type: booking_page_cb
2021-03-04 03:39:14--- INFO --- null Type: booking_page_cb
2021-03-04 03:39:14--- INFO --- {"has_emergency":true} Type: booking_page_cb
2021-03-05 01:29:19--- INFO --- [{"id":"8","student_id":"5","tookan_id":"34667629","booking_date":"2021-03-04 09:15:00","booking_end":"2021-03-04 10:45:00","instructor":"0","job_id":"208347959","tracking_url":"https:\/\/jngl.ml\/3fS3fc7S1","acknowledgment":null,"status":"Pending","cancel":true},{"id":"9","student_id":"5","tookan_id":"34667629","booking_date":"2021-03-05 09:15:00","booking_end":"2021-03-05 10:45:00","instructor":"0","job_id":"208349360","tracking_url":"https:\/\/jngl.ml\/1aG44Z859","acknowledgment":null,"status":"Pending","cancel":true},{"id":"10","student_id":"5","tookan_id":"34667629","booking_date":"2021-03-08 09:15:00","booking_end":"2021-03-08 10:45:00","instructor":"0","job_id":"208351097","tracking_url":"https:\/\/jngl.ml\/7ddAeC388","acknowledgment":null,"status":"Pending","cancel":true},{"id":"11","student_id":"5","tookan_id":"34667629","booking_date":"2021-03-06 09:15:00","booking_end":"2021-03-06 10:45:00","instructor":"0","job_id":"208352688","tracking_url":"https:\/\/jngl.ml\/61XU65402","acknowledgment":null,"status":"Pending","cancel":true}] Type: booking_page_cb
2021-03-05 01:29:19--- INFO --- {"has_emergency":true} Type: booking_page_cb
2021-03-05 01:30:53--- INFO --- [{"id":"8","student_id":"5","tookan_id":"34667629","booking_date":"2021-03-04 09:15:00","booking_end":"2021-03-04 10:45:00","instructor":"0","job_id":"208347959","tracking_url":"https:\/\/jngl.ml\/3fS3fc7S1","acknowledgment":null,"status":"Pending","cancel":true},{"id":"9","student_id":"5","tookan_id":"34667629","booking_date":"2021-03-05 09:15:00","booking_end":"2021-03-05 10:45:00","instructor":"0","job_id":"208349360","tracking_url":"https:\/\/jngl.ml\/1aG44Z859","acknowledgment":null,"status":"Pending","cancel":true},{"id":"10","student_id":"5","tookan_id":"34667629","booking_date":"2021-03-08 09:15:00","booking_end":"2021-03-08 10:45:00","instructor":"0","job_id":"208351097","tracking_url":"https:\/\/jngl.ml\/7ddAeC388","acknowledgment":null,"status":"Pending","cancel":true},{"id":"11","student_id":"5","tookan_id":"34667629","booking_date":"2021-03-06 09:15:00","booking_end":"2021-03-06 10:45:00","instructor":"0","job_id":"208352688","tracking_url":"https:\/\/jngl.ml\/61XU65402","acknowledgment":null,"status":"Pending","cancel":true}] Type: booking_page_cb
2021-03-05 01:30:53--- INFO --- {"has_emergency":true} Type: booking_page_cb
2021-03-05 01:34:36--- INFO --- [{"id":"8","student_id":"5","tookan_id":"34667629","booking_date":"2021-03-04 09:15:00","booking_end":"2021-03-04 10:45:00","instructor":"0","job_id":"208347959","tracking_url":"https:\/\/jngl.ml\/3fS3fc7S1","acknowledgment":null,"status":"Pending","cancel":true},{"id":"9","student_id":"5","tookan_id":"34667629","booking_date":"2021-03-05 09:15:00","booking_end":"2021-03-05 10:45:00","instructor":"0","job_id":"208349360","tracking_url":"https:\/\/jngl.ml\/1aG44Z859","acknowledgment":null,"status":"Pending","cancel":true},{"id":"10","student_id":"5","tookan_id":"34667629","booking_date":"2021-03-08 09:15:00","booking_end":"2021-03-08 10:45:00","instructor":"0","job_id":"208351097","tracking_url":"https:\/\/jngl.ml\/7ddAeC388","acknowledgment":null,"status":"Pending","cancel":true},{"id":"11","student_id":"5","tookan_id":"34667629","booking_date":"2021-03-06 09:15:00","booking_end":"2021-03-06 10:45:00","instructor":"0","job_id":"208352688","tracking_url":"https:\/\/jngl.ml\/61XU65402","acknowledgment":null,"status":"Pending","cancel":true}] Type: booking_page_cb
2021-03-05 01:34:36--- INFO --- {"has_emergency":true} Type: booking_page_cb
2021-03-05 01:39:10--- INFO --- [{"id":"9","student_id":"5","tookan_id":"34667629","booking_date":"2021-03-05 09:15:00","booking_end":"2021-03-05 10:45:00","instructor":"0","job_id":"208349360","tracking_url":"https:\/\/jngl.ml\/1aG44Z859","acknowledgment":null,"status":"Pending","cancel":true},{"id":"10","student_id":"5","tookan_id":"34667629","booking_date":"2021-03-08 09:15:00","booking_end":"2021-03-08 10:45:00","instructor":"0","job_id":"208351097","tracking_url":"https:\/\/jngl.ml\/7ddAeC388","acknowledgment":null,"status":"Pending","cancel":true},{"id":"11","student_id":"5","tookan_id":"34667629","booking_date":"2021-03-06 09:15:00","booking_end":"2021-03-06 10:45:00","instructor":"0","job_id":"208352688","tracking_url":"https:\/\/jngl.ml\/61XU65402","acknowledgment":null,"status":"Pending","cancel":true}] Type: booking_page_cb
2021-03-05 01:39:10--- INFO --- {"has_emergency":true} Type: booking_page_cb
2021-03-05 01:39:17--- INFO --- [{"id":"10","student_id":"5","tookan_id":"34667629","booking_date":"2021-03-08 09:15:00","booking_end":"2021-03-08 10:45:00","instructor":"0","job_id":"208351097","tracking_url":"https:\/\/jngl.ml\/7ddAeC388","acknowledgment":null,"status":"Pending","cancel":true},{"id":"11","student_id":"5","tookan_id":"34667629","booking_date":"2021-03-06 09:15:00","booking_end":"2021-03-06 10:45:00","instructor":"0","job_id":"208352688","tracking_url":"https:\/\/jngl.ml\/61XU65402","acknowledgment":null,"status":"Pending","cancel":true}] Type: booking_page_cb
2021-03-05 01:39:17--- INFO --- {"has_emergency":true} Type: booking_page_cb
2021-03-05 01:39:25--- INFO --- [{"id":"11","student_id":"5","tookan_id":"34667629","booking_date":"2021-03-06 09:15:00","booking_end":"2021-03-06 10:45:00","instructor":"0","job_id":"208352688","tracking_url":"https:\/\/jngl.ml\/61XU65402","acknowledgment":null,"status":"Pending","cancel":true}] Type: booking_page_cb
2021-03-05 01:39:25--- INFO --- {"has_emergency":true} Type: booking_page_cb
2021-03-05 01:39:34--- INFO --- null Type: booking_page_cb
2021-03-05 01:39:34--- INFO --- {"has_emergency":true} Type: booking_page_cb
